<?xml version="1.0" encoding="UTF-8"?>
<!-- Generated by org.testng.reporters.JUnitXMLReporter -->
<testsuite ignored="0" hostname="DESKTOP-MI5MEBA" failures="1" tests="1" name="Default test" time="7.654" errors="0" timestamp="2024-10-09T12:51:38 IST">
  <testcase classname="com.appium.Calculator" name="cal" time="7.59">
    <failure type="org.openqa.selenium.SessionNotCreatedException" message="Could not start a new session. Response code 500. Message: An unknown server-side error occurred while processing the command. Original error: Either provide &amp;apos;app&amp;apos; option to install &amp;apos;com.transsion.calculator&amp;apos; or consider setting &amp;apos;noReset&amp;apos; to &amp;apos;true&amp;apos; if &amp;apos;com.transsion.calculator&amp;apos; is supposed to be preinstalled. 
Host info: host: &amp;apos;DESKTOP-MI5MEBA&amp;apos;, ip: &amp;apos;172.17.32.1&amp;apos;
Build info: version: &amp;apos;4.13.0&amp;apos;, revision: &amp;apos;ba948ece5b*&amp;apos;
System info: os.name: &amp;apos;Windows 11&amp;apos;, os.arch: &amp;apos;amd64&amp;apos;, os.version: &amp;apos;10.0&amp;apos;, java.version: &amp;apos;23&amp;apos;
Driver info: io.appium.java_client.AppiumDriver
Command: [null, newSession {capabilities=[{appium:appActivity=com.transsion.calculator.Calculator, appium:appPackage=com.transsion.calculator, appium:automationName=UIAutomator2, appium:deviceName=Nexus 5X API 28, platformName=ANDROID, appium:platformVersion=9.0, appium:udid=emulator-5554}], desiredCapabilities=Capabilities {appActivity: com.transsion.calculator.Ca..., appPackage: com.transsion.calculator, automationName: UIAutomator2, deviceName: Nexus 5X API 28, platformName: ANDROID, platformVersion: 9.0, udid: emulator-5554}}]
Capabilities {appActivity: com.transsion.calculator.Ca..., appPackage: com.transsion.calculator, automationName: UIAutomator2, deviceName: Nexus 5X API 28, platformName: ANDROID, platformVersion: 9.0, udid: emulator-5554}">
      <![CDATA[org.openqa.selenium.SessionNotCreatedException: Could not start a new session. Response code 500. Message: An unknown server-side error occurred while processing the command. Original error: Either provide 'app' option to install 'com.transsion.calculator' or consider setting 'noReset' to 'true' if 'com.transsion.calculator' is supposed to be preinstalled. 
Host info: host: 'DESKTOP-MI5MEBA', ip: '172.17.32.1'
Build info: version: '4.13.0', revision: 'ba948ece5b*'
System info: os.name: 'Windows 11', os.arch: 'amd64', os.version: '10.0', java.version: '23'
Driver info: io.appium.java_client.AppiumDriver
Command: [null, newSession {capabilities=[{appium:appActivity=com.transsion.calculator.Calculator, appium:appPackage=com.transsion.calculator, appium:automationName=UIAutomator2, appium:deviceName=Nexus 5X API 28, platformName=ANDROID, appium:platformVersion=9.0, appium:udid=emulator-5554}], desiredCapabilities=Capabilities {appActivity: com.transsion.calculator.Ca..., appPackage: com.transsion.calculator, automationName: UIAutomator2, deviceName: Nexus 5X API 28, platformName: ANDROID, platformVersion: 9.0, udid: emulator-5554}}]
Capabilities {appActivity: com.transsion.calculator.Ca..., appPackage: com.transsion.calculator, automationName: UIAutomator2, deviceName: Nexus 5X API 28, platformName: ANDROID, platformVersion: 9.0, udid: emulator-5554}
at org.openqa.selenium.remote.ProtocolHandshake.createSession(ProtocolHandshake.java:140)
at java.base/jdk.internal.reflect.DirectMethodHandleAccessor.invoke(DirectMethodHandleAccessor.java:103)
at java.base/java.lang.reflect.Method.invoke(Method.java:580)
at io.appium.java_client.remote.AppiumProtocolHandshake.createSession(AppiumProtocolHandshake.java:133)
at io.appium.java_client.remote.AppiumProtocolHandshake.createSession(AppiumProtocolHandshake.java:102)
at io.appium.java_client.remote.AppiumCommandExecutor.createSession(AppiumCommandExecutor.java:182)
at io.appium.java_client.remote.AppiumCommandExecutor.execute(AppiumCommandExecutor.java:250)
at org.openqa.selenium.remote.RemoteWebDriver.execute(RemoteWebDriver.java:602)
at io.appium.java_client.AppiumDriver.startSession(AppiumDriver.java:274)
at org.openqa.selenium.remote.RemoteWebDriver.<init>(RemoteWebDriver.java:163)
at io.appium.java_client.AppiumDriver.<init>(AppiumDriver.java:89)
at io.appium.java_client.AppiumDriver.<init>(AppiumDriver.java:101)
at com.appium.Calculator.cal(Calculator.java:27)
at java.base/jdk.internal.reflect.DirectMethodHandleAccessor.invoke(DirectMethodHandleAccessor.java:103)
at java.base/java.lang.reflect.Method.invoke(Method.java:580)
at org.testng.internal.invokers.MethodInvocationHelper.invokeMethod(MethodInvocationHelper.java:139)
at org.testng.internal.invokers.TestInvoker.invokeMethod(TestInvoker.java:664)
at org.testng.internal.invokers.TestInvoker.invokeTestMethod(TestInvoker.java:227)
at org.testng.internal.invokers.MethodRunner.runInSequence(MethodRunner.java:50)
at org.testng.internal.invokers.TestInvoker$MethodInvocationAgent.invoke(TestInvoker.java:957)
at org.testng.internal.invokers.TestInvoker.invokeTestMethods(TestInvoker.java:200)
at org.testng.internal.invokers.TestMethodWorker.invokeTestMethods(TestMethodWorker.java:148)
at org.testng.internal.invokers.TestMethodWorker.run(TestMethodWorker.java:128)
at java.base/java.util.ArrayList.forEach(ArrayList.java:1597)
at org.testng.TestRunner.privateRun(TestRunner.java:848)
at org.testng.TestRunner.run(TestRunner.java:621)
at org.testng.SuiteRunner.runTest(SuiteRunner.java:443)
at org.testng.SuiteRunner.runSequentially(SuiteRunner.java:437)
at org.testng.SuiteRunner.privateRun(SuiteRunner.java:397)
at org.testng.SuiteRunner.run(SuiteRunner.java:336)
at org.testng.SuiteRunnerWorker.runSuite(SuiteRunnerWorker.java:52)
at org.testng.SuiteRunnerWorker.run(SuiteRunnerWorker.java:95)
at org.testng.TestNG.runSuitesSequentially(TestNG.java:1280)
at org.testng.TestNG.runSuitesLocally(TestNG.java:1200)
at org.testng.TestNG.runSuites(TestNG.java:1114)
at org.testng.TestNG.run(TestNG.java:1082)
at org.testng.remote.AbstractRemoteTestNG.run(AbstractRemoteTestNG.java:115)
at org.testng.remote.RemoteTestNG.initAndRun(RemoteTestNG.java:293)
at org.testng.remote.RemoteTestNG.main(RemoteTestNG.java:91)
]]>
    </failure>
  </testcase> <!-- cal -->
</testsuite> <!-- Default test -->
